app/build/outputs/logs/manifest-merger-debug-report.txt
-- Merging decision tree log ---
manifest
ADDED from src\main\AndroidManifest.xml:20:1-54:12
	package
		ADDED from src\main\AndroidManifest.xml:20:11-37
		INJECTED from src\main\AndroidManifest.xml
		INJECTED from src\main\AndroidManifest.xml
	android:versionName
		INJECTED from src\main\AndroidManifest.xml
		INJECTED from src\main\AndroidManifest.xml
	xmlns:tools
		ADDED from src\main\AndroidManifest.xml:20:97-143
	xmlns:android
		ADDED from src\main\AndroidManifest.xml:20:38-96
	android:versionCode
		INJECTED from src\main\AndroidManifest.xml
		INJECTED from src\main\AndroidManifest.xml
uses-permission#android.permission.INTERNET
ADDED from src\main\AndroidManifest.xml:22:3-64
	android:name
		ADDED from src\main\AndroidManifest.xml:22:20-62
uses-permission#android.permission.READ_EXTERNAL_STORAGE
ADDED from src\main\AndroidManifest.xml:24:3-77
	android:name
		ADDED from src\main\AndroidManifest.xml:24:20-75
uses-permission#android.permission.MANAGE_DOCUMENTS
ADDED from src\main\AndroidManifest.xml:26:3-72
	android:name
		ADDED from src\main\AndroidManifest.xml:26:20-70
application
ADDED from src\main\AndroidManifest.xml:28:3-52:17
MERGED from [Celer-2:events:unspecified] AndroidManifest.xml:28:5-47
	android:label
		ADDED from src\main\AndroidManifest.xml:28:76-108
	android:allowBackup
		ADDED from src\main\AndroidManifest.xml:28:16-42
	android:icon
		ADDED from src\main\AndroidManifest.xml:28:43-75
	android:theme
		ADDED from src\main\AndroidManifest.xml:28:109-140
activity#org.jppf.android.activities.MainActivity
ADDED from src\main\AndroidManifest.xml:30:5-35:16
	android:label
		ADDED from src\main\AndroidManifest.xml:30:86-129
	android:launchMode
		ADDED from src\main\AndroidManifest.xml:30:55-85
	android:configChanges
		ADDED from src\main\AndroidManifest.xml:30:130-191
	android:name
		ADDED from src\main\AndroidManifest.xml:30:15-54
intent-filter#android.intent.action.MAIN+android.intent.category.LAUNCHER
ADDED from src\main\AndroidManifest.xml:31:7-34:23
action#android.intent.action.MAIN
ADDED from src\main\AndroidManifest.xml:32:9-60
	android:name
		ADDED from src\main\AndroidManifest.xml:32:17-58
category#android.intent.category.LAUNCHER
ADDED from src\main\AndroidManifest.xml:33:9-68
	android:name
		ADDED from src\main\AndroidManifest.xml:33:19-66
activity#org.jppf.android.activities.SettingsActivity
ADDED from src\main\AndroidManifest.xml:37:5-39:16
	android:label
		ADDED from src\main\AndroidManifest.xml:37:91-138
	android:parentActivityName
		ADDED from src\main\AndroidManifest.xml:37:139-192
	android:launchMode
		ADDED from src\main\AndroidManifest.xml:37:59-89
	android:name
		ADDED from src\main\AndroidManifest.xml:37:15-58
meta-data#android.support.PARENT_ACTIVITY
ADDED from src\main\AndroidManifest.xml:38:7-123
	android:value
		ADDED from src\main\AndroidManifest.xml:38:65-121
	android:name
		ADDED from src\main\AndroidManifest.xml:38:18-64
provider#org.jppf.android.activities.documents.AppStorageProvider
ADDED from src\main\AndroidManifest.xml:41:5-50:16
	android:authorities
		ADDED from src\main\AndroidManifest.xml:42:7-55
	android:enabled
		ADDED from src\main\AndroidManifest.xml:46:7-44
	android:grantUriPermissions
		ADDED from src\main\AndroidManifest.xml:43:7-41
	android:exported
		ADDED from src\main\AndroidManifest.xml:44:7-30
	android:permission
		ADDED from src\main\AndroidManifest.xml:45:7-63
	android:name
		ADDED from src\main\AndroidManifest.xml:41:15-86
intent-filter#android.content.action.DOCUMENTS_PROVIDER
ADDED from src\main\AndroidManifest.xml:47:7-49:23
action#android.content.action.DOCUMENTS_PROVIDER
ADDED from src\main\AndroidManifest.xml:48:9-76
	android:name
		ADDED from src\main\AndroidManifest.xml:48:17-73
uses-sdk
INJECTED from src\main\AndroidManifest.xml reason: use-sdk injection requested
MERGED from [Celer-2:events:unspecified] AndroidManifest.xml:24:5-26:41
	android:targetSdkVersion
		INJECTED from src\main\AndroidManifest.xml
		INJECTED from src\main\AndroidManifest.xml
	android:minSdkVersion
		INJECTED from src\main\AndroidManifest.xml
		INJECTED from src\main\AndroidManifest.xml